2025-01-03 10:34:35 - app - INFO - Starting table creation...
2025-01-03 10:34:35 - app - INFO - Table creation and data population completed.
2025-01-03 10:34:35 - app - INFO - Initializing application...
2025-01-03 10:34:35 - app - INFO - Routes registered successfully.
2025-01-03 10:34:35 - app - INFO - Application initialized successfully.
2025-01-03 10:36:55 - app - INFO - Starting table creation...
2025-01-03 10:36:55 - app - INFO - Starting table creation...
2025-01-03 10:36:55 - app - INFO - Models loaded successfully.
2025-01-03 10:36:55 - app - INFO - Models loaded successfully.
2025-01-03 10:36:55 - app - INFO - Table creation and data population completed.
2025-01-03 10:36:55 - app - INFO - Table creation and data population completed.
2025-01-03 10:36:55 - app - INFO - Initializing application...
2025-01-03 10:36:55 - app - INFO - Initializing application...
2025-01-03 10:36:55 - app - INFO - Routes registered successfully.
2025-01-03 10:36:55 - app - INFO - Routes registered successfully.
2025-01-03 10:36:55 - app - INFO - Application initialized successfully.
2025-01-03 10:36:55 - app - INFO - Application initialized successfully.
2025-01-03 10:37:13 - app - INFO - Starting table creation...
2025-01-03 10:37:13 - app - INFO - Starting table creation...
2025-01-03 10:37:13 - app - INFO - Models loaded successfully.
2025-01-03 10:37:13 - app - INFO - Models loaded successfully.
2025-01-03 10:37:13 - app - INFO - Table creation and data population completed.
2025-01-03 10:37:13 - app - INFO - Table creation and data population completed.
2025-01-03 10:37:13 - app - INFO - Initializing application...
2025-01-03 10:37:13 - app - INFO - Initializing application...
2025-01-03 10:37:13 - app - INFO - Routes registered successfully.
2025-01-03 10:37:13 - app - INFO - Routes registered successfully.
2025-01-03 10:37:13 - app - INFO - Application initialized successfully.
2025-01-03 10:37:13 - app - INFO - Application initialized successfully.
2025-01-03 10:39:15 - app - INFO - Starting table creation...
2025-01-03 10:39:15 - app - INFO - Starting table creation...
2025-01-03 10:39:15 - app - INFO - Starting table creation...
2025-01-03 10:39:15 - app - INFO - Models loaded successfully.
2025-01-03 10:39:15 - app - INFO - Models loaded successfully.
2025-01-03 10:39:15 - app - INFO - Models loaded successfully.
2025-01-03 10:39:15 - app - INFO - Table creation and data population completed.
2025-01-03 10:39:15 - app - INFO - Table creation and data population completed.
2025-01-03 10:39:15 - app - INFO - Table creation and data population completed.
2025-01-03 10:39:15 - app - INFO - Initializing application...
2025-01-03 10:39:15 - app - INFO - Initializing application...
2025-01-03 10:39:15 - app - INFO - Initializing application...
2025-01-03 10:39:15 - app - INFO - Routes registered successfully.
2025-01-03 10:39:15 - app - INFO - Routes registered successfully.
2025-01-03 10:39:15 - app - INFO - Routes registered successfully.
2025-01-03 10:39:15 - app - INFO - Application initialized successfully.
2025-01-03 10:39:15 - app - INFO - Application initialized successfully.
2025-01-03 10:39:15 - app - INFO - Application initialized successfully.
2025-01-03 10:39:43 - app - INFO - Starting table creation...
2025-01-03 10:39:43 - app - INFO - Starting table creation...
2025-01-03 10:39:43 - app - INFO - Starting table creation...
2025-01-03 10:39:43 - app - INFO - Models loaded successfully.
2025-01-03 10:39:43 - app - INFO - Models loaded successfully.
2025-01-03 10:39:43 - app - INFO - Models loaded successfully.
2025-01-03 10:39:43 - app - INFO - Table creation and data population completed.
2025-01-03 10:39:43 - app - INFO - Table creation and data population completed.
2025-01-03 10:39:43 - app - INFO - Table creation and data population completed.
2025-01-03 10:39:43 - app - INFO - Initializing application...
2025-01-03 10:39:43 - app - INFO - Initializing application...
2025-01-03 10:39:43 - app - INFO - Initializing application...
2025-01-03 10:39:43 - app - INFO - Routes registered successfully.
2025-01-03 10:39:43 - app - INFO - Routes registered successfully.
2025-01-03 10:39:43 - app - INFO - Routes registered successfully.
2025-01-03 10:39:43 - app - INFO - Application initialized successfully.
2025-01-03 10:39:43 - app - INFO - Application initialized successfully.
2025-01-03 10:39:43 - app - INFO - Application initialized successfully.
